Using pre-set license
Built from '2023.1/staging' branch; Version is '2023.1.20f1 (35a524b12060) revision 3515684'; Using compiler version '192829333'; Build Type 'Release'
OS: 'Windows 11  (10.0.22621) 64bit Core' Language: 'ru' Physical Memory: 15554 MB
BatchMode: 1, IsHumanControllingUs: 0, StartBugReporterOnCrash: 0, Is64bit: 1, IsPro: 1

COMMAND LINE ARGUMENTS:
C:\Program Files\Unity 2023.1.20f1\Editor\Unity.exe
-adb2
-batchMode
-noUpm
-name
AssetImportWorker0
-projectPath
C:/Users/Lenovo/M3Scene
-logFile
Logs/AssetImportWorker0.log
-srvPort
64907
Successfully changed project path to: C:/Users/Lenovo/M3Scene
C:/Users/Lenovo/M3Scene
[UnityMemory] Configuration Parameters - Can be set up in boot.config
    "memorysetup-bucket-allocator-granularity=16"
    "memorysetup-bucket-allocator-bucket-count=8"
    "memorysetup-bucket-allocator-block-size=33554432"
    "memorysetup-bucket-allocator-block-count=8"
    "memorysetup-main-allocator-block-size=16777216"
    "memorysetup-thread-allocator-block-size=16777216"
    "memorysetup-gfx-main-allocator-block-size=16777216"
    "memorysetup-gfx-thread-allocator-block-size=16777216"
    "memorysetup-cache-allocator-block-size=4194304"
    "memorysetup-typetree-allocator-block-size=2097152"
    "memorysetup-profiler-bucket-allocator-granularity=16"
    "memorysetup-profiler-bucket-allocator-bucket-count=8"
    "memorysetup-profiler-bucket-allocator-block-size=33554432"
    "memorysetup-profiler-bucket-allocator-block-count=8"
    "memorysetup-profiler-allocator-block-size=16777216"
    "memorysetup-profiler-editor-allocator-block-size=1048576"
    "memorysetup-temp-allocator-size-main=16777216"
    "memorysetup-job-temp-allocator-block-size=2097152"
    "memorysetup-job-temp-allocator-block-size-background=1048576"
    "memorysetup-job-temp-allocator-reduction-small-platforms=262144"
    "memorysetup-allocator-temp-initial-block-size-main=262144"
    "memorysetup-allocator-temp-initial-block-size-worker=262144"
    "memorysetup-temp-allocator-size-background-worker=32768"
    "memorysetup-temp-allocator-size-job-worker=262144"
    "memorysetup-temp-allocator-size-preload-manager=33554432"
    "memorysetup-temp-allocator-size-nav-mesh-worker=65536"
    "memorysetup-temp-allocator-size-audio-worker=65536"
    "memorysetup-temp-allocator-size-cloud-worker=32768"
    "memorysetup-temp-allocator-size-gi-baking-worker=262144"
    "memorysetup-temp-allocator-size-gfx=262144"
Player connection [39536] Host "[IP] 192.168.56.1 [Port] 0 [Flags] 2 [Guid] 2529388868 [EditorId] 2529388868 [Version] 1048832 [Id] WindowsEditor(7,DESKTOP-KQMI79A) [Debug] 1 [PackageName] WindowsEditor [ProjectName] Editor" joined multi-casting on [225.0.0.222:54997]...

Player connection [39536] Host "[IP] 192.168.56.1 [Port] 0 [Flags] 2 [Guid] 2529388868 [EditorId] 2529388868 [Version] 1048832 [Id] WindowsEditor(7,DESKTOP-KQMI79A) [Debug] 1 [PackageName] WindowsEditor [ProjectName] Editor" joined alternative multi-casting on [225.0.0.222:34997]...

[Physics::Module] Initialized MultithreadedJobDispatcher with 15 workers.
Library Redirect Path: Library/Refreshing native plugins compatible for Editor in 10.75 ms, found 3 plugins.
Preloading 0 native plugins for Editor in 0.00 ms.
Initialize engine version: 2023.1.20f1 (35a524b12060)
[Subsystems] Discovering subsystems at path C:/Program Files/Unity 2023.1.20f1/Editor/Data/Resources/UnitySubsystems
[Subsystems] Discovering subsystems at path C:/Users/Lenovo/M3Scene/Assets
GfxDevice: creating device client; threaded=0; jobified=0
Direct3D:
    Version:  Direct3D 11.0 [level 11.1]
    Renderer: NVIDIA GeForce RTX 4060 Laptop GPU (ID=0x28e0)
    Vendor:   NVIDIA
    VRAM:     7971 MB
    Driver:   31.0.15.2904
Initialize mono
Mono path[0] = 'C:/Program Files/Unity 2023.1.20f1/Editor/Data/Managed'
Mono path[1] = 'C:/Program Files/Unity 2023.1.20f1/Editor/Data/MonoBleedingEdge/lib/mono/unityjit-win32'
Mono config path = 'C:/Program Files/Unity 2023.1.20f1/Editor/Data/MonoBleedingEdge/etc'
Using monoOptions --debugger-agent=transport=dt_socket,embedding=1,server=y,suspend=n,address=127.0.0.1:56552
Begin MonoManager ReloadAssembly
C:\build\output\Unity-Technologies\mono\mono\metadata\icall.c:1842:
C:\build\output\Unity-Technologies\mono\mono\metadata\icall.c:1842:
C:\build\output\Unity-Technologies\mono\mono\metadata\icall.c:1842:
C:\build\output\Unity-Technologies\mono\mono\metadata\icall.c:1842:
C:\build\output\Unity-Technologies\mono\mono\metadata\icall.c:1842:
C:\build\output\Unity-Technologies\mono\mono\metadata\icall.c:1842:
C:\build\output\Unity-Technologies\mono\mono\metadata\icall.c:1842:
C:\build\output\Unity-Technologies\mono\mono\metadata\icall.c:1842:
C:\build\output\Unity-Technologies\mono\mono\metadata\icall.c:1842:
C:\build\output\Unity-Technologies\mono\mono\metadata\icall.c:1842:
Registering precompiled unity dll's ...
Register platform support module: C:/Program Files/Unity 2023.1.20f1/Editor/Data/PlaybackEngines/WindowsStandaloneSupport/UnityEditor.WindowsStandalone.Extensions.dll
Registered in 0.003729 seconds.
- Loaded All Assemblies, in  0.546 seconds
Native extension for WindowsStandalone target not found
Mono: successfully reloaded assembly
C:\build\output\Unity-Technologies\mono\mono\metadata\icall.c:1842:
C:\build\output\Unity-Technologies\mono\mono\metadata\icall.c:1842:
- Finished resetting the current domain, in  0.415 seconds
Domain Reload Profiling: 960ms
	BeginReloadAssembly (177ms)
		ExecutionOrderSort (0ms)
		DisableScriptedObjects (0ms)
		BackupInstance (0ms)
		ReleaseScriptingObjects (0ms)
		CreateAndSetChildDomain (1ms)
	RebuildCommonClasses (51ms)
	RebuildNativeTypeToScriptingClass (17ms)
	initialDomainReloadingComplete (65ms)
	LoadAllAssembliesAndSetupDomain (235ms)
		LoadAssemblies (174ms)
		RebuildTransferFunctionScriptingTraits (0ms)
		AnalyzeDomain (230ms)
			TypeCache.Refresh (227ms)
				TypeCache.ScanAssembly (206ms)
			ScanForSourceGeneratedMonoScriptInfo (1ms)
			ResolveRequiredComponents (1ms)
	FinalizeReload (416ms)
		ReleaseScriptCaches (0ms)
		RebuildScriptCaches (0ms)
		SetupLoadedEditorAssemblies (357ms)
			LogAssemblyErrors (0ms)
			InitializePlatformSupportModulesInManaged (11ms)
			SetLoadedEditorAssemblies (7ms)
			BeforeProcessingInitializeOnLoad (11ms)
			ProcessInitializeOnLoadAttributes (254ms)
			ProcessInitializeOnLoadMethodAttributes (74ms)
			AfterProcessingInitializeOnLoad (0ms)
			EditorAssembliesLoaded (0ms)
		ExecutionOrderSort2 (0ms)
		AwakeInstancesAfterBackupRestoration (0ms)
========================================================================
Worker process is ready to serve import requests
Import Worker Mode flag is 0x00
Begin MonoManager ReloadAssembly
C:\build\output\Unity-Technologies\mono\mono\metadata\icall.c:1842:
C:\build\output\Unity-Technologies\mono\mono\metadata\icall.c:1842:
C:\build\output\Unity-Technologies\mono\mono\metadata\icall.c:1842:
C:\build\output\Unity-Technologies\mono\mono\metadata\icall.c:1842:
C:\build\output\Unity-Technologies\mono\mono\metadata\icall.c:1842:
C:\build\output\Unity-Technologies\mono\mono\metadata\icall.c:1842:
C:\build\output\Unity-Technologies\mono\mono\metadata\icall.c:1842:
C:\build\output\Unity-Technologies\mono\mono\metadata\icall.c:1842:
C:\build\output\Unity-Technologies\mono\mono\metadata\icall.c:1842:
C:\build\output\Unity-Technologies\mono\mono\metadata\icall.c:1842:
C:\build\output\Unity-Technologies\mono\mono\metadata\icall.c:1842:
C:\build\output\Unity-Technologies\mono\mono\metadata\icall.c:1842:
Symbol file LoadedFromMemory doesn't match image C:\Users\Lenovo\M3Scene\Library\PackageCache\com.unity.visualscripting@1.8.0\Editor\VisualScripting.Core\Dependencies\YamlDotNet\Unity.VisualScripting.YamlDotNet.dll
Symbol file LoadedFromMemory doesn't match image C:\Users\Lenovo\M3Scene\Library\PackageCache\com.unity.visualscripting@1.8.0\Editor\VisualScripting.Core\Dependencies\DotNetZip\Unity.VisualScripting.IonicZip.dll
- Loaded All Assemblies, in  1.147 seconds
Refreshing native plugins compatible for Editor in 2.41 ms, found 3 plugins.
Native extension for WindowsStandalone target not found
Mono: successfully reloaded assembly
- Finished resetting the current domain, in  0.686 seconds
Domain Reload Profiling: 1831ms
	BeginReloadAssembly (370ms)
		ExecutionOrderSort (0ms)
		DisableScriptedObjects (7ms)
		BackupInstance (0ms)
		ReleaseScriptingObjects (0ms)
		CreateAndSetChildDomain (36ms)
	RebuildCommonClasses (48ms)
	RebuildNativeTypeToScriptingClass (14ms)
	initialDomainReloadingComplete (47ms)
	LoadAllAssembliesAndSetupDomain (666ms)
		LoadAssemblies (385ms)
		RebuildTransferFunctionScriptingTraits (0ms)
		AnalyzeDomain (386ms)
			TypeCache.Refresh (366ms)
				TypeCache.ScanAssembly (350ms)
			ScanForSourceGeneratedMonoScriptInfo (15ms)
			ResolveRequiredComponents (3ms)
	FinalizeReload (686ms)
		ReleaseScriptCaches (0ms)
		RebuildScriptCaches (0ms)
		SetupLoadedEditorAssemblies (445ms)
			LogAssemblyErrors (0ms)
			InitializePlatformSupportModulesInManaged (7ms)
			SetLoadedEditorAssemblies (6ms)
			BeforeProcessingInitializeOnLoad (84ms)
			ProcessInitializeOnLoadAttributes (315ms)
			ProcessInitializeOnLoadMethodAttributes (29ms)
			AfterProcessingInitializeOnLoad (5ms)
			EditorAssembliesLoaded (0ms)
		ExecutionOrderSort2 (0ms)
		AwakeInstancesAfterBackupRestoration (8ms)
Launched and connected shader compiler UnityShaderCompiler.exe after 0.04 seconds
Refreshing native plugins compatible for Editor in 2.43 ms, found 3 plugins.
Preloading 0 native plugins for Editor in 0.00 ms.
Unloading 3131 Unused Serialized files (Serialized files now loaded: 0)
Unloading 32 unused Assets / (53.4 KB). Loaded Objects now: 3670.
Memory consumption went from 132.7 MB to 132.7 MB.
Total: 9.704900 ms (FindLiveObjects: 0.706800 ms CreateObjectMapping: 0.650500 ms MarkObjects: 8.169100 ms  DeleteObjects: 0.176200 ms)

AssetImportParameters requested are different than current active one (requested -> active):
  custom:video-decoder-webm-vp8: 9c59270c3fd7afecdb556c50c9e8de78 -> 
  custom:SearchIndexIgnoredProperties: e643bd26f0fe6173181afceb89e7c659 -> 
  custom:audio-encoder-webm-vorbis: bf7c407c2cedff20999df2af8eb42d56 -> 
  custom:AudioImporter_EditorPlatform: d09bf68614088b80899f8185d706f6e7 -> 
  custom:audio-decoder-ogg-vorbis: bf7c407c2cedff20999df2af8eb42d56 -> 
  custom:video-encoder-webm-vp8: eb34c28f22e8b96e1ab97ce403110664 -> 
  custom:container-demuxer-ogg: 62fdf1f143b41e24485cea50d1cbac27 -> 
  custom:framework-win-MediaFoundation: 216162199b28c13a410421893ffa2e32 -> 
  custom:video-decoder-ogg-theora: a1e56fd34408186e4bbccfd4996cb3dc -> 
  custom:container-muxer-webm: aa71ff27fc2769a1b78a27578f13a17b -> 
  custom:video-codec-MediaFoundation-h265: 746d11721c4dcdbdad8f713fa42b33f4 -> 
  custom:CustomObjectIndexerAttribute: 756ad292c208cfabdd7b50bc23989ffe -> 
  custom:container-demuxer-webm: 4f35f7cbe854078d1ac9338744f61a02 -> 
========================================================================
Received Import Request.
  Time since last request: 228008.265837 seconds.
  path: Assets/Yurowm/Manual.pdf
  artifactKey: Guid(85e1064667b50e842a291c2d69ad6dca) Importer(815301076,1909f56bfc062723c751e8b465ee728b)
Start importing Assets/Yurowm/Manual.pdf using Guid(85e1064667b50e842a291c2d69ad6dca) Importer(815301076,1909f56bfc062723c751e8b465ee728b)  -> (artifact id: 'e377abdae4bae4dedb56ef936fada278') in 0.020561 seconds
Number of updated asset objects reloaded before import = 0
Number of asset objects unloaded after import = 1
========================================================================
Received Import Request.
  Time since last request: 21.494380 seconds.
  path: Assets/Yurowm/Animations/CrouchingRun.FBX
  artifactKey: Guid(3e8ca7ccef0e73c48b7f75796674058d) Importer(815301076,1909f56bfc062723c751e8b465ee728b)
Start importing Assets/Yurowm/Animations/CrouchingRun.FBX using Guid(3e8ca7ccef0e73c48b7f75796674058d) Importer(815301076,1909f56bfc062723c751e8b465ee728b)  -> (artifact id: '4d80dbc8146b88d8208631a2369de765') in 0.036525 seconds
Number of updated asset objects reloaded before import = 0
Number of asset objects unloaded after import = 95
========================================================================
Received Import Request.
  Time since last request: 0.000020 seconds.
  path: Assets/Yurowm/Animations/Death.FBX
  artifactKey: Guid(fa132a3741a9d6849a2d44d5d807c7fc) Importer(815301076,1909f56bfc062723c751e8b465ee728b)
Start importing Assets/Yurowm/Animations/Death.FBX using Guid(fa132a3741a9d6849a2d44d5d807c7fc) Importer(815301076,1909f56bfc062723c751e8b465ee728b)  -> (artifact id: 'ba740bd77019d3d7fff367fb2cba0028') in 0.005195 seconds
Number of updated asset objects reloaded before import = 0
Number of asset objects unloaded after import = 95
========================================================================
Received Import Request.
  Time since last request: 0.000031 seconds.
  path: Assets/Yurowm/Animations/Idle.FBX
  artifactKey: Guid(ad14061f34e52954c8140cf33bea1253) Importer(815301076,1909f56bfc062723c751e8b465ee728b)
Start importing Assets/Yurowm/Animations/Idle.FBX using Guid(ad14061f34e52954c8140cf33bea1253) Importer(815301076,1909f56bfc062723c751e8b465ee728b)  -> (artifact id: 'c242bbe9c462ee401659fb2c2d9247c3') in 0.007112 seconds
Number of updated asset objects reloaded before import = 0
Number of asset objects unloaded after import = 95
========================================================================
Received Import Request.
  Time since last request: 0.000179 seconds.
  path: Assets/Yurowm/Animations/Wary.FBX
  artifactKey: Guid(06722ae5cdc1d1f4fb0e1e4a316c914f) Importer(815301076,1909f56bfc062723c751e8b465ee728b)
Start importing Assets/Yurowm/Animations/Wary.FBX using Guid(06722ae5cdc1d1f4fb0e1e4a316c914f) Importer(815301076,1909f56bfc062723c751e8b465ee728b)  -> (artifact id: '55dbb018b884ad931ff5188d77e7e87d') in 0.004905 seconds
Number of updated asset objects reloaded before import = 0
Number of asset objects unloaded after import = 95
========================================================================
Received Import Request.
  Time since last request: 0.000020 seconds.
  path: Assets/Yurowm/Animations/Hit.FBX
  artifactKey: Guid(d0e4b18abf7abe44eaee9d5839bb2eb1) Importer(815301076,1909f56bfc062723c751e8b465ee728b)
Start importing Assets/Yurowm/Animations/Hit.FBX using Guid(d0e4b18abf7abe44eaee9d5839bb2eb1) Importer(815301076,1909f56bfc062723c751e8b465ee728b)  -> (artifact id: '2058dbd719c13107931e87d11890cfcf') in 0.004764 seconds
Number of updated asset objects reloaded before import = 0
Number of asset objects unloaded after import = 95
========================================================================
Received Import Request.
  Time since last request: 0.000023 seconds.
  path: Assets/Yurowm/Animations/Fire_SniperRifle.FBX
  artifactKey: Guid(75fb60ee2bc98f04fbcd08239ff9dcdd) Importer(815301076,1909f56bfc062723c751e8b465ee728b)
Start importing Assets/Yurowm/Animations/Fire_SniperRifle.FBX using Guid(75fb60ee2bc98f04fbcd08239ff9dcdd) Importer(815301076,1909f56bfc062723c751e8b465ee728b)  -> (artifact id: '04f6c786dbdf1e2c1f5bb1e812208e5e') in 0.004652 seconds
Number of updated asset objects reloaded before import = 0
Number of asset objects unloaded after import = 98
========================================================================
Received Import Request.
  Time since last request: 0.016106 seconds.
  path: Assets/Yurowm/Animations/Idle_Rifle.FBX
  artifactKey: Guid(7a96c87d25ef88e4fb86c8cf59e070aa) Importer(815301076,1909f56bfc062723c751e8b465ee728b)
Start importing Assets/Yurowm/Animations/Idle_Rifle.FBX using Guid(7a96c87d25ef88e4fb86c8cf59e070aa) Importer(815301076,1909f56bfc062723c751e8b465ee728b)  -> (artifact id: '21ef4095bba3b4a057f8deb4da6d9ead') in 0.010167 seconds
Number of updated asset objects reloaded before import = 0
Number of asset objects unloaded after import = 97
========================================================================
Received Import Request.
  Time since last request: 0.000021 seconds.
  path: Assets/Yurowm/Animations/Run.FBX
  artifactKey: Guid(26d71630cd21fbf4c90a2878defdc438) Importer(815301076,1909f56bfc062723c751e8b465ee728b)
Start importing Assets/Yurowm/Animations/Run.FBX using Guid(26d71630cd21fbf4c90a2878defdc438) Importer(815301076,1909f56bfc062723c751e8b465ee728b)  -> (artifact id: '236fd373c3880312c6c8a0640488fc28') in 0.008433 seconds
Number of updated asset objects reloaded before import = 0
Number of asset objects unloaded after import = 95
========================================================================
Received Import Request.
  Time since last request: 0.000015 seconds.
  path: Assets/Yurowm/Animations/Damage2.FBX
  artifactKey: Guid(b353efcedd1ef7c45a4a4e9f4d560a5e) Importer(815301076,1909f56bfc062723c751e8b465ee728b)
Start importing Assets/Yurowm/Animations/Damage2.FBX using Guid(b353efcedd1ef7c45a4a4e9f4d560a5e) Importer(815301076,1909f56bfc062723c751e8b465ee728b)  -> (artifact id: '3b52223054828a4996856e67f58f67bc') in 0.004009 seconds
Number of updated asset objects reloaded before import = 0
Number of asset objects unloaded after import = 95
========================================================================
Received Import Request.
  Time since last request: 0.000018 seconds.
  path: Assets/Yurowm/Animations/Sneak_Rifle.FBX
  artifactKey: Guid(f4f4d4ce8b792e848a8f64d271554a88) Importer(815301076,1909f56bfc062723c751e8b465ee728b)
Start importing Assets/Yurowm/Animations/Sneak_Rifle.FBX using Guid(f4f4d4ce8b792e848a8f64d271554a88) Importer(815301076,1909f56bfc062723c751e8b465ee728b)  -> (artifact id: 'a66496b2dc31ff2ceec15b3d6dd90c99') in 0.005946 seconds
Number of updated asset objects reloaded before import = 0
Number of asset objects unloaded after import = 97
========================================================================
Received Import Request.
  Time since last request: 0.000023 seconds.
  path: Assets/Yurowm/Animations/Jump.FBX
  artifactKey: Guid(7fed3b82482a3e64ea0ce62c9c11b782) Importer(815301076,1909f56bfc062723c751e8b465ee728b)
Start importing Assets/Yurowm/Animations/Jump.FBX using Guid(7fed3b82482a3e64ea0ce62c9c11b782) Importer(815301076,1909f56bfc062723c751e8b465ee728b)  -> (artifact id: '424658224a5eb47ddbcf008729c0a643') in 0.005953 seconds
Number of updated asset objects reloaded before import = 0
Number of asset objects unloaded after import = 95
========================================================================
Received Import Request.
  Time since last request: 0.000017 seconds.
  path: Assets/Yurowm/Animations/Jump_Rifle.FBX
  artifactKey: Guid(2e200b69723aa9b4a8c2a30cc3fd4dc4) Importer(815301076,1909f56bfc062723c751e8b465ee728b)
Start importing Assets/Yurowm/Animations/Jump_Rifle.FBX using Guid(2e200b69723aa9b4a8c2a30cc3fd4dc4) Importer(815301076,1909f56bfc062723c751e8b465ee728b)  -> (artifact id: 'eb70f6c4ce8cf32283296e67e896a680') in 0.006193 seconds
Number of updated asset objects reloaded before import = 0
Number of asset objects unloaded after import = 97
========================================================================
Received Import Request.
  Time since last request: 0.000023 seconds.
  path: Assets/Yurowm/Animations/Fire_2Pistol.FBX
  artifactKey: Guid(510cc0ca850fa0a4b861638920e882b9) Importer(815301076,1909f56bfc062723c751e8b465ee728b)
Start importing Assets/Yurowm/Animations/Fire_2Pistol.FBX using Guid(510cc0ca850fa0a4b861638920e882b9) Importer(815301076,1909f56bfc062723c751e8b465ee728b)  -> (artifact id: 'c49a8348451dd88a03495f7d866f05cc') in 0.008524 seconds
Number of updated asset objects reloaded before import = 0
Number of asset objects unloaded after import = 100
========================================================================
Received Import Request.
  Time since last request: 0.000030 seconds.
  path: Assets/Yurowm/Animations/Run_Rifle.FBX
  artifactKey: Guid(dd5113fa1aaccc54f9f38114119cc2ac) Importer(815301076,1909f56bfc062723c751e8b465ee728b)
Start importing Assets/Yurowm/Animations/Run_Rifle.FBX using Guid(dd5113fa1aaccc54f9f38114119cc2ac) Importer(815301076,1909f56bfc062723c751e8b465ee728b)  -> (artifact id: '06f5de7909ec8fa7c0f9f8eea7724060') in 0.007313 seconds
Number of updated asset objects reloaded before import = 0
Number of asset objects unloaded after import = 97
========================================================================
Received Import Request.
  Time since last request: 0.000024 seconds.
  path: Assets/Yurowm/Animations/Walk_Rifle.FBX
  artifactKey: Guid(f3f9278c451cb714ea0d5830a26f3b1d) Importer(815301076,1909f56bfc062723c751e8b465ee728b)
Start importing Assets/Yurowm/Animations/Walk_Rifle.FBX using Guid(f3f9278c451cb714ea0d5830a26f3b1d) Importer(815301076,1909f56bfc062723c751e8b465ee728b)  -> (artifact id: '9c2b12f1ee14cba66139e7ed27462f79') in 0.007754 seconds
Number of updated asset objects reloaded before import = 0
Number of asset objects unloaded after import = 97
========================================================================
Received Import Request.
  Time since last request: 0.000020 seconds.
  path: Assets/Yurowm/Animations/Walk.FBX
  artifactKey: Guid(20228d3ccfedbb44081151a9b249a2a3) Importer(815301076,1909f56bfc062723c751e8b465ee728b)
Start importing Assets/Yurowm/Animations/Walk.FBX using Guid(20228d3ccfedbb44081151a9b249a2a3) Importer(815301076,1909f56bfc062723c751e8b465ee728b)  -> (artifact id: '0bf846dbe2def2615608eb2f54cc1e55') in 0.007054 seconds
Number of updated asset objects reloaded before import = 0
Number of asset objects unloaded after import = 95
========================================================================
Received Import Request.
  Time since last request: 14.363968 seconds.
  path: Assets/Yurowm/Demo/Prefabs/UI.prefab
  artifactKey: Guid(091ca29298580404d9260e9221539326) Importer(815301076,1909f56bfc062723c751e8b465ee728b)
Start importing Assets/Yurowm/Demo/Prefabs/UI.prefab using Guid(091ca29298580404d9260e9221539326) Importer(815301076,1909f56bfc062723c751e8b465ee728b)  -> (artifact id: '266dd474f2005a3344d5b732c9874004') in 0.027112 seconds
Number of updated asset objects reloaded before import = 0
Number of asset objects unloaded after import = 99
========================================================================
Received Import Request.
  Time since last request: 68.695003 seconds.
  path: Assets/Yurowm/Animations/Legacy/CrouchingRun_Rifle.FBX
  artifactKey: Guid(5f6939284609ea743ac1e28131b92701) Importer(815301076,1909f56bfc062723c751e8b465ee728b)
Start importing Assets/Yurowm/Animations/Legacy/CrouchingRun_Rifle.FBX using Guid(5f6939284609ea743ac1e28131b92701) Importer(815301076,1909f56bfc062723c751e8b465ee728b)  -> (artifact id: '9a6d8ed566389d83f1ad811fb3bce644') in 0.005623 seconds
Number of updated asset objects reloaded before import = 0
Number of asset objects unloaded after import = 98
========================================================================
Received Import Request.
  Time since last request: 0.019776 seconds.
  path: Assets/Yurowm/Animations/Legacy/Damage3.FBX
  artifactKey: Guid(0e862314a19502249aee94b167c0cd63) Importer(815301076,1909f56bfc062723c751e8b465ee728b)
Start importing Assets/Yurowm/Animations/Legacy/Damage3.FBX using Guid(0e862314a19502249aee94b167c0cd63) Importer(815301076,1909f56bfc062723c751e8b465ee728b)  -> (artifact id: '0110a27196c94c5135d1b03e43410019') in 0.004123 seconds
Number of updated asset objects reloaded before import = 0
Number of asset objects unloaded after import = 96
========================================================================
Received Import Request.
  Time since last request: 0.027907 seconds.
  path: Assets/Yurowm/Animations/Legacy/Death_Rifle.FBX
  artifactKey: Guid(a4b72264a10fce54e8648a804a2ab472) Importer(815301076,1909f56bfc062723c751e8b465ee728b)
Start importing Assets/Yurowm/Animations/Legacy/Death_Rifle.FBX using Guid(a4b72264a10fce54e8648a804a2ab472) Importer(815301076,1909f56bfc062723c751e8b465ee728b)  -> (artifact id: '68990de12ac010a0598d9c5987363dc4') in 0.006994 seconds
Number of updated asset objects reloaded before import = 0
Number of asset objects unloaded after import = 98
========================================================================
Received Import Request.
  Time since last request: 0.000030 seconds.
  path: Assets/Yurowm/Animations/Legacy/Fire_SniperRifle.FBX
  artifactKey: Guid(1a453f2f615b6254fb440d73cb686dda) Importer(815301076,1909f56bfc062723c751e8b465ee728b)
Start importing Assets/Yurowm/Animations/Legacy/Fire_SniperRifle.FBX using Guid(1a453f2f615b6254fb440d73cb686dda) Importer(815301076,1909f56bfc062723c751e8b465ee728b)  -> (artifact id: 'cb5e1cde364c27202a7a47f169615025') in 0.008213 seconds
Number of updated asset objects reloaded before import = 0
Number of asset objects unloaded after import = 98
========================================================================
Received Import Request.
  Time since last request: 0.000030 seconds.
  path: Assets/Yurowm/Animations/Legacy/Run.FBX
  artifactKey: Guid(12228065df2c1df4aaea54198caef06d) Importer(815301076,1909f56bfc062723c751e8b465ee728b)
Start importing Assets/Yurowm/Animations/Legacy/Run.FBX using Guid(12228065df2c1df4aaea54198caef06d) Importer(815301076,1909f56bfc062723c751e8b465ee728b)  -> (artifact id: 'a2d0be5f1589031ed426577a25fd268b') in 0.016992 seconds
Number of updated asset objects reloaded before import = 0
Number of asset objects unloaded after import = 96
========================================================================
Received Import Request.
  Time since last request: 0.000027 seconds.
  path: Assets/Yurowm/Animations/Legacy/Wary.FBX
  artifactKey: Guid(e4191ce0b833654449a263ef00503045) Importer(815301076,1909f56bfc062723c751e8b465ee728b)
Start importing Assets/Yurowm/Animations/Legacy/Wary.FBX using Guid(e4191ce0b833654449a263ef00503045) Importer(815301076,1909f56bfc062723c751e8b465ee728b)  -> (artifact id: 'f820248b1f8b541c603c1e82201326f1') in 0.013227 seconds
Number of updated asset objects reloaded before import = 0
Number of asset objects unloaded after import = 96
========================================================================
Received Import Request.
  Time since last request: 0.000027 seconds.
  path: Assets/Yurowm/Animations/Legacy/Fire_1Pistol.FBX
  artifactKey: Guid(de25e7a2b3041c646bef071a95d1c397) Importer(815301076,1909f56bfc062723c751e8b465ee728b)
Start importing Assets/Yurowm/Animations/Legacy/Fire_1Pistol.FBX using Guid(de25e7a2b3041c646bef071a95d1c397) Importer(815301076,1909f56bfc062723c751e8b465ee728b)  -> (artifact id: 'f108415145dccc5c7c5e23d9de225867') in 0.008172 seconds
Number of updated asset objects reloaded before import = 0
Number of asset objects unloaded after import = 98
========================================================================
Received Import Request.
  Time since last request: 0.000033 seconds.
  path: Assets/Yurowm/Animations/Legacy/Sneak.FBX
  artifactKey: Guid(d7b71bb934b7b3c4a81e6264c1f2005b) Importer(815301076,1909f56bfc062723c751e8b465ee728b)
Start importing Assets/Yurowm/Animations/Legacy/Sneak.FBX using Guid(d7b71bb934b7b3c4a81e6264c1f2005b) Importer(815301076,1909f56bfc062723c751e8b465ee728b)  -> (artifact id: '079282270b6e782367a0da49fa5fd8f4') in 0.008923 seconds
Number of updated asset objects reloaded before import = 0
Number of asset objects unloaded after import = 96
========================================================================
Received Import Request.
  Time since last request: 0.000044 seconds.
  path: Assets/Yurowm/Animations/Legacy/Sneak_Rifle.FBX
  artifactKey: Guid(cbbb516c7b4806f4fb1fb070b759b525) Importer(815301076,1909f56bfc062723c751e8b465ee728b)
Start importing Assets/Yurowm/Animations/Legacy/Sneak_Rifle.FBX using Guid(cbbb516c7b4806f4fb1fb070b759b525) Importer(815301076,1909f56bfc062723c751e8b465ee728b)  -> (artifact id: '8b9dba44315ef0f1b8d67e04060d8fe8') in 0.006336 seconds
Number of updated asset objects reloaded before import = 0
Number of asset objects unloaded after import = 98
========================================================================
Received Import Request.
  Time since last request: 0.000026 seconds.
  path: Assets/Yurowm/Animations/Legacy/Walk.FBX
  artifactKey: Guid(2db4b36713e484043961e076585fd7ec) Importer(815301076,1909f56bfc062723c751e8b465ee728b)
Start importing Assets/Yurowm/Animations/Legacy/Walk.FBX using Guid(2db4b36713e484043961e076585fd7ec) Importer(815301076,1909f56bfc062723c751e8b465ee728b)  -> (artifact id: 'd42345a6ec53e7389cb98274c3c96e65') in 0.004987 seconds
Number of updated asset objects reloaded before import = 0
Number of asset objects unloaded after import = 94
========================================================================
Received Import Request.
  Time since last request: 0.000024 seconds.
  path: Assets/Yurowm/Animations/Legacy/Walk_Rifle.FBX
  artifactKey: Guid(0e7133c3ace383c40bff17086f9bee18) Importer(815301076,1909f56bfc062723c751e8b465ee728b)
Start importing Assets/Yurowm/Animations/Legacy/Walk_Rifle.FBX using Guid(0e7133c3ace383c40bff17086f9bee18) Importer(815301076,1909f56bfc062723c751e8b465ee728b)  -> (artifact id: '6917da377784e3d5e489e7e7cb63f379') in 0.005177 seconds
Number of updated asset objects reloaded before import = 0
Number of asset objects unloaded after import = 98
========================================================================
Received Import Request.
  Time since last request: 0.000027 seconds.
  path: Assets/Yurowm/Animations/Legacy/Jump.FBX
  artifactKey: Guid(c87b5598d0519234992adb3bea23224b) Importer(815301076,1909f56bfc062723c751e8b465ee728b)
Start importing Assets/Yurowm/Animations/Legacy/Jump.FBX using Guid(c87b5598d0519234992adb3bea23224b) Importer(815301076,1909f56bfc062723c751e8b465ee728b)  -> (artifact id: 'cf013672553c38c22e824ea62522e127') in 0.007365 seconds
Number of updated asset objects reloaded before import = 0
Number of asset objects unloaded after import = 96
========================================================================
Received Import Request.
  Time since last request: 0.000020 seconds.
  path: Assets/Yurowm/Animations/Legacy/Death.FBX
  artifactKey: Guid(e85356bae0a5b9d40b7bca551550a3b2) Importer(815301076,1909f56bfc062723c751e8b465ee728b)
Start importing Assets/Yurowm/Animations/Legacy/Death.FBX using Guid(e85356bae0a5b9d40b7bca551550a3b2) Importer(815301076,1909f56bfc062723c751e8b465ee728b)  -> (artifact id: '36433bf8adc1bde5af36a94f24c488d0') in 0.005674 seconds
Number of updated asset objects reloaded before import = 0
Number of asset objects unloaded after import = 96
========================================================================
Received Import Request.
  Time since last request: 0.000017 seconds.
  path: Assets/Yurowm/Animations/Legacy/Hit.FBX
  artifactKey: Guid(6185c1590b23d154b81618a16ed5241b) Importer(815301076,1909f56bfc062723c751e8b465ee728b)
Start importing Assets/Yurowm/Animations/Legacy/Hit.FBX using Guid(6185c1590b23d154b81618a16ed5241b) Importer(815301076,1909f56bfc062723c751e8b465ee728b)  -> (artifact id: '8a997bd245ec42463ae8eaa7e4c2c9e2') in 0.005459 seconds
Number of updated asset objects reloaded before import = 0
Number of asset objects unloaded after import = 96
========================================================================
Received Import Request.
  Time since last request: 0.000031 seconds.
  path: Assets/Yurowm/Animations/Legacy/Idle.FBX
  artifactKey: Guid(9663e1804cfe00045b1bb56da06023ed) Importer(815301076,1909f56bfc062723c751e8b465ee728b)
Start importing Assets/Yurowm/Animations/Legacy/Idle.FBX using Guid(9663e1804cfe00045b1bb56da06023ed) Importer(815301076,1909f56bfc062723c751e8b465ee728b)  -> (artifact id: '08b4f94d4f28f503a21c31f538e3b455') in 0.005819 seconds
Number of updated asset objects reloaded before import = 0
Number of asset objects unloaded after import = 96
========================================================================
Received Import Request.
  Time since last request: 0.000020 seconds.
  path: Assets/Yurowm/Animations/Legacy/Fire_2Pistol.FBX
  artifactKey: Guid(308b0120862db534c9c89a1e20421486) Importer(815301076,1909f56bfc062723c751e8b465ee728b)
Start importing Assets/Yurowm/Animations/Legacy/Fire_2Pistol.FBX using Guid(308b0120862db534c9c89a1e20421486) Importer(815301076,1909f56bfc062723c751e8b465ee728b)  -> (artifact id: '0b03a0165c8d38ef7bedcfe1193d769e') in 0.005467 seconds
Number of updated asset objects reloaded before import = 0
Number of asset objects unloaded after import = 100
========================================================================
Received Import Request.
  Time since last request: 0.000017 seconds.
  path: Assets/Yurowm/Animations/Legacy/Idle_Rifle.FBX
  artifactKey: Guid(78ffaa322b08db24eac136f5c06e5d78) Importer(815301076,1909f56bfc062723c751e8b465ee728b)
Start importing Assets/Yurowm/Animations/Legacy/Idle_Rifle.FBX using Guid(78ffaa322b08db24eac136f5c06e5d78) Importer(815301076,1909f56bfc062723c751e8b465ee728b)  -> (artifact id: 'b96d3da567030274d648e03f2dae4be0') in 0.007032 seconds
Number of updated asset objects reloaded before import = 0
Number of asset objects unloaded after import = 98
========================================================================
Received Import Request.
  Time since last request: 0.000027 seconds.
  path: Assets/Yurowm/Animations/Legacy/Idle_HandUp.FBX
  artifactKey: Guid(108b2bd01a461b042bc6fbcdb774131f) Importer(815301076,1909f56bfc062723c751e8b465ee728b)
Start importing Assets/Yurowm/Animations/Legacy/Idle_HandUp.FBX using Guid(108b2bd01a461b042bc6fbcdb774131f) Importer(815301076,1909f56bfc062723c751e8b465ee728b)  -> (artifact id: '8c9c98ff600cce9d929d2c8f32b73cf1') in 0.007725 seconds
Number of updated asset objects reloaded before import = 0
Number of asset objects unloaded after import = 98
========================================================================
Received Import Request.
  Time since last request: 0.000029 seconds.
  path: Assets/Yurowm/Animations/Legacy/Wary_Rifle.FBX
  artifactKey: Guid(740b0657083d52f45af1be9188a3cf3e) Importer(815301076,1909f56bfc062723c751e8b465ee728b)
Start importing Assets/Yurowm/Animations/Legacy/Wary_Rifle.FBX using Guid(740b0657083d52f45af1be9188a3cf3e) Importer(815301076,1909f56bfc062723c751e8b465ee728b)  -> (artifact id: 'a260f21fcc4425932ad1b5ad8254e09a') in 0.004606 seconds
Number of updated asset objects reloaded before import = 0
Number of asset objects unloaded after import = 98
========================================================================
Received Import Request.
  Time since last request: 0.000035 seconds.
  path: Assets/Yurowm/Weapons/SciFiRifle.fbx
  artifactKey: Guid(3b75f92e50d992c419ddce3ad37c997a) Importer(815301076,1909f56bfc062723c751e8b465ee728b)
Start importing Assets/Yurowm/Weapons/SciFiRifle.fbx using Guid(3b75f92e50d992c419ddce3ad37c997a) Importer(815301076,1909f56bfc062723c751e8b465ee728b)  -> (artifact id: 'd413b4ad4443e991d19e9725c9a63ded') in 0.567251 seconds
Number of updated asset objects reloaded before import = 0
Number of asset objects unloaded after import = 7
Editor requested this worker to shutdown with reason: Scaling down because of idle timeout
AssetImportWorker is now disconnected from the server
Process exiting
Exiting without the bug reporter. Application will terminate with return code 0